Performing C SOURCE FILE Test CMAKE_HAVE_LIBC_PTHREAD failed with the following output:
Change Dir: /home/coffe789/CLionProjects/pongo/cmake-build-debug/CMakeFiles/CMakeTmp

Run Build Command(s):/home/coffe789/Downloads/clion-2022.2.4/bin/ninja/linux/ninja cmTC_49c18 && [1/2] Building C object CMakeFiles/cmTC_49c18.dir/src.c.o
[2/2] Linking C executable cmTC_49c18
FAILED: cmTC_49c18 
: && /usr/bin/cc   CMakeFiles/cmTC_49c18.dir/src.c.o -o cmTC_49c18   && :
/usr/bin/ld: CMakeFiles/cmTC_49c18.dir/src.c.o: in function `main':
src.c:(.text+0x2f): undefined reference to `pthread_create'
/usr/bin/ld: src.c:(.text+0x3b): undefined reference to `pthread_detach'
/usr/bin/ld: src.c:(.text+0x47): undefined reference to `pthread_cancel'
/usr/bin/ld: src.c:(.text+0x58): undefined reference to `pthread_join'
collect2: error: ld returned 1 exit status
ninja: build stopped: subcommand failed.


Source file was:
#include <pthread.h>

static void* test_func(void* data)
{
  return data;
}

int main(void)
{
  pthread_t thread;
  pthread_create(&thread, NULL, test_func, NULL);
  pthread_detach(thread);
  pthread_cancel(thread);
  pthread_join(thread, NULL);
  pthread_atfork(NULL, NULL, NULL);
  pthread_exit(NULL);

  return 0;
}

Determining if the function pthread_create exists in the pthreads failed with the following output:
Change Dir: /home/coffe789/CLionProjects/pongo/cmake-build-debug/CMakeFiles/CMakeTmp

Run Build Command(s):/home/coffe789/Downloads/clion-2022.2.4/bin/ninja/linux/ninja cmTC_cf09c && [1/2] Building C object CMakeFiles/cmTC_cf09c.dir/CheckFunctionExists.c.o
[2/2] Linking C executable cmTC_cf09c
FAILED: cmTC_cf09c 
: && /usr/bin/cc -DCHECK_FUNCTION_EXISTS=pthread_create  CMakeFiles/cmTC_cf09c.dir/CheckFunctionExists.c.o -o cmTC_cf09c  -lpthreads && :
/usr/bin/ld: cannot find -lpthreads
collect2: error: ld returned 1 exit status
ninja: build stopped: subcommand failed.



